<?xml version="1.0" encoding="UTF-8"?>
<!-- Generated by org.testng.reporters.JUnitReportReporter -->
<testsuite skipped="0" hostname="Dell" name="restassuredTests.Demo4_DELETE_Request" tests="2" failures="0" timestamp="22 Sep 2019 12:56:05 GMT" time="5.308" errors="0">
  <testcase name="DeleteTest1" time="5.296" classname="restassuredTests.Demo4_DELETE_Request"/>
  <testcase name="DeleteTest2" time="0.012" classname="restassuredTests.Demo4_DELETE_Request"/>
</testsuite> <!-- restassuredTests.Demo4_DELETE_Request -->
