<?xml version="1.0" encoding="UTF-8"?>
<!-- Generated by org.testng.reporters.JUnitReportReporter -->
<testsuite skipped="0" hostname="Dell" name="restassuredTests.Demo2_POST_Request" tests="1" failures="0" timestamp="21 Sep 2019 21:35:42 GMT" time="8.184" errors="0">
  <testcase name="testPost" time="8.184" classname="restassuredTests.Demo2_POST_Request"/>
</testsuite> <!-- restassuredTests.Demo2_POST_Request -->
