<?xml version="1.0" encoding="UTF-8"?>
<!-- Generated by org.testng.reporters.JUnitReportReporter -->
<testsuite skipped="0" hostname="Dell" name="restassuredTests.Demo5_BASIC_VALIDATIONS_JSON_Response" tests="5" failures="0" timestamp="2019-09-22T19:54:55 BST" time="26.126" errors="0">
  <testcase name="testStatusCode" time="6.730" classname="restassuredTests.Demo5_BASIC_VALIDATIONS_JSON_Response"/>
  <testcase name="testLogging" time="2.173" classname="restassuredTests.Demo5_BASIC_VALIDATIONS_JSON_Response"/>
  <testcase name="testSingleContent" time="2.500" classname="restassuredTests.Demo5_BASIC_VALIDATIONS_JSON_Response"/>
  <testcase name="testMultipleContent" time="6.089" classname="restassuredTests.Demo5_BASIC_VALIDATIONS_JSON_Response"/>
  <testcase name="testParamsAndHeaders" time="8.634" classname="restassuredTests.Demo5_BASIC_VALIDATIONS_JSON_Response"/>
</testsuite> <!-- restassuredTests.Demo5_BASIC_VALIDATIONS_JSON_Response -->
