<?xml version="1.0" encoding="UTF-8"?>
<!-- Generated by org.testng.reporters.JUnitReportReporter -->
<testsuite skipped="0" hostname="Dell" name="restassuredTests.Demo1_GET_Request" tests="1" failures="0" timestamp="21 Sep 2019 21:10:19 GMT" time="6.272" errors="0">
  <testcase name="getWeatherDetails" time="6.272" classname="restassuredTests.Demo1_GET_Request"/>
</testsuite> <!-- restassuredTests.Demo1_GET_Request -->
