<?xml version="1.0" encoding="UTF-8"?>
<!-- Generated by org.testng.reporters.JUnitReportReporter -->
<testsuite skipped="0" hostname="Dell" name="restassuredTests.Demo3_PUT_Request" tests="1" failures="0" timestamp="21 Sep 2019 22:53:56 GMT" time="9.450" errors="0">
  <testcase name="testPUT" time="9.450" classname="restassuredTests.Demo3_PUT_Request"/>
</testsuite> <!-- restassuredTests.Demo3_PUT_Request -->
