<?xml version="1.0" encoding="UTF-8"?>
<!-- Generated by org.testng.reporters.JUnitReportReporter -->
<testsuite skipped="0" hostname="Dell" name="restassuredTests.Demo6_BASIC_VALIDATION_XML_Format" tests="5" failures="0" timestamp="2019-09-22T22:03:21 BST" time="8.523" errors="0">
  <testcase name="testSingleContent" time="4.764" classname="restassuredTests.Demo6_BASIC_VALIDATION_XML_Format"/>
  <testcase name="testMultipleContent" time="0.882" classname="restassuredTests.Demo6_BASIC_VALIDATION_XML_Format"/>
  <testcase name="testAllContentsInOneGo" time="0.334" classname="restassuredTests.Demo6_BASIC_VALIDATION_XML_Format"/>
  <testcase name="testUsingXPATH1" time="0.653" classname="restassuredTests.Demo6_BASIC_VALIDATION_XML_Format"/>
  <testcase name="testUsingXPATH2" time="1.890" classname="restassuredTests.Demo6_BASIC_VALIDATION_XML_Format"/>
</testsuite> <!-- restassuredTests.Demo6_BASIC_VALIDATION_XML_Format -->
